2022-10-25 16:01:31 Version 36
2022-10-25 16:01:31 D:\workspace\fireball\editor\CocosCreator-v3.7.0-win-093014\resources\tools\lightmap-tools/LightFX http://127.0.0.1:8000 
2022-10-25 16:01:31 Texture 'D:\workspace\fireball\projects\cyberpunk\assets\res\textures\T_CornerBuilding01_BC.png' loaded
2022-10-25 16:01:31 -:Building meshes
2022-10-25 16:01:31 -:Building terrain
2022-10-25 16:01:31 -:Building scene
2022-10-25 16:01:31 -: Starting thread 0
2022-10-25 16:01:31 -: Starting thread 1
2022-10-25 16:01:31 -: Starting thread 2
2022-10-25 16:01:31 -: Starting thread 3
2022-10-25 16:01:31 -: Starting thread 4
2022-10-25 16:01:31 -: Starting thread 5
2022-10-25 16:01:31 -: Starting thread 6
2022-10-25 16:01:31 -: Starting thread 7
2022-10-25 16:01:31 -: Starting thread 8
2022-10-25 16:01:31 -: Starting thread 9
2022-10-25 16:01:31 -: Starting thread 10
2022-10-25 16:01:31 -: Starting thread 11
2022-10-25 16:01:31 -: Starting thread 12
2022-10-25 16:01:31 -: Starting thread 13
2022-10-25 16:01:32 Start 0

2022-10-25 16:01:32 Build lighting 50

2022-10-25 16:01:32 Build lighting 100

2022-10-25 16:01:32 Save world...
2022-10-25 16:01:32 Writing lfx file 'output/lfx.o'
2022-10-25 16:01:32 Pack mesh 0
2022-10-25 16:01:32 Save lighting map output/LFX_Mesh_0000.png
2022-10-25 16:01:32 Writing lfx file end.
2022-10-25 16:01:32 Save world end.
2022-10-25 16:01:32 Clear world...
2022-10-25 16:01:32 Clear world end.
2022-10-25 16:01:32 Emit finished
2022-10-25 16:01:32 Delete world
2022-10-25 16:01:32 Wait to stop
